INFO 2018-12-28 09\:12\:11456 (StartupInfoLogger.java:50)  -  Starting ModelSpringbootApplication on 838-PC with PID 4548 (E:\workspace-private\model-springboot\target\classes started by 838 in E:\workspace-private\model-springboot)
INFO 2018-12-28 09\:12\:11468 (SpringApplication.java:679)  -  The following profiles are active: dev
INFO 2018-12-28 09\:12\:11693 (DeferredLog.java:227)  -  Devtools property defaults active! Set 'spring.devtools.add-properties' to 'false' to disable
INFO 2018-12-28 09\:12\:11693 (DeferredLog.java:227)  -  For additional web related logging consider setting the 'logging.level.web' property to 'DEBUG'
INFO 2018-12-28 09\:12\:12423 (RepositoryConfigurationDelegate.java:244)  -  Multiple Spring Data modules found, entering strict repository configuration mode!
INFO 2018-12-28 09\:12\:12424 (RepositoryConfigurationDelegate.java:126)  -  Bootstrapping Spring Data repositories in DEFAULT mode.
INFO 2018-12-28 09\:12\:12490 (RepositoryConfigurationDelegate.java:182)  -  Finished Spring Data repository scanning in 61ms. Found 1 repository interfaces.
WARN 2018-12-28 09\:12\:12591 (ClassPathMapperScanner.java:166)  -  No MyBatis mapper was found in '[com.wxq.modelspringboot]' package. Please check your configuration.
INFO 2018-12-28 09\:12\:12624 (RepositoryConfigurationDelegate.java:244)  -  Multiple Spring Data modules found, entering strict repository configuration mode!
INFO 2018-12-28 09\:12\:12624 (RepositoryConfigurationDelegate.java:126)  -  Bootstrapping Spring Data repositories in DEFAULT mode.
INFO 2018-12-28 09\:12\:12633 (RepositoryConfigurationExtensionSupport.java:363)  -  Spring Data Elasticsearch - Could not safely identify store assignment for repository candidate interface com.wxq.modelspringboot.web.Dao.UserRepository.
INFO 2018-12-28 09\:12\:12634 (RepositoryConfigurationDelegate.java:182)  -  Finished Spring Data repository scanning in 9ms. Found 0 repository interfaces.
INFO 2018-12-28 09\:12\:12994 (PostProcessorRegistrationDelegate.java:330)  -  Bean 'org.springframework.transaction.annotation.ProxyTransactionManagementConfiguration' of type [org.springframework.transaction.annotation.ProxyTransactionManagementConfiguration$$EnhancerBySpringCGLIB$$5481fcfc] is not eligible for getting processed by all BeanPostProcessors (for example: not eligible for auto-proxying)
INFO 2018-12-28 09\:12\:13179 (PostProcessorRegistrationDelegate.java:330)  -  Bean 'org.springframework.hateoas.config.HateoasConfiguration' of type [org.springframework.hateoas.config.HateoasConfiguration$$EnhancerBySpringCGLIB$$d4024a2e] is not eligible for getting processed by all BeanPostProcessors (for example: not eligible for auto-proxying)
INFO 2018-12-28 09\:12\:13702 (TomcatWebServer.java:90)  -  Tomcat initialized with port(s): 9999 (http)
INFO 2018-12-28 09\:12\:13713 (DirectJDKLog.java:173)  -  Initializing ProtocolHandler ["http-nio-9999"]
INFO 2018-12-28 09\:12\:13720 (DirectJDKLog.java:173)  -  Starting service [Tomcat]
INFO 2018-12-28 09\:12\:13721 (DirectJDKLog.java:173)  -  Starting Servlet Engine: Apache Tomcat/9.0.12
INFO 2018-12-28 09\:12\:13727 (DirectJDKLog.java:173)  -  Loaded APR based Apache Tomcat Native library [1.2.17] using APR version [1.6.3].
INFO 2018-12-28 09\:12\:13727 (DirectJDKLog.java:173)  -  APR capabilities: IPv6 [true], sendfile [true], accept filters [false], random [true].
INFO 2018-12-28 09\:12\:13727 (DirectJDKLog.java:173)  -  APR/OpenSSL configuration: useAprConnector [false], useOpenSSL [true]
INFO 2018-12-28 09\:12\:14764 (DirectJDKLog.java:173)  -  OpenSSL successfully initialized [OpenSSL 1.0.2o  27 Mar 2018]
INFO 2018-12-28 09\:12\:14947 (DirectJDKLog.java:173)  -  Initializing Spring embedded WebApplicationContext
INFO 2018-12-28 09\:12\:14947 (ServletWebServerApplicationContext.java:285)  -  Root WebApplicationContext: initialization completed in 3254 ms
INFO 2018-12-28 09\:12\:14989 (AbstractFilterRegistrationBean.java:248)  -  Mapping filter: 'characterEncodingFilter' to: [/*]
INFO 2018-12-28 09\:12\:14989 (AbstractFilterRegistrationBean.java:248)  -  Mapping filter: 'springSecurityFilterChain' to: [/*]
INFO 2018-12-28 09\:12\:14990 (ServletRegistrationBean.java:186)  -  Servlet dispatcherServlet mapped to [/]
INFO 2018-12-28 09\:12\:15138 (HikariDataSource.java:110)  -  HikariPool-1 - Starting...
INFO 2018-12-28 09\:12\:15484 (HikariDataSource.java:123)  -  HikariPool-1 - Start completed.
INFO 2018-12-28 09\:12\:15530 (LogHelper.java:31)  -  HHH000204: Processing PersistenceUnitInfo [
	name: default
	...]
INFO 2018-12-28 09\:12\:15588 (Version.java:46)  -  HHH000412: Hibernate Core {5.3.7.Final}
INFO 2018-12-28 09\:12\:15591 (Environment.java:213)  -  HHH000206: hibernate.properties not found
INFO 2018-12-28 09\:12\:15737 (JavaReflectionManager.java:49)  -  HCANN000001: Hibernate Commons Annotations {5.0.4.Final}
INFO 2018-12-28 09\:12\:16703 (Dialect.java:157)  -  HHH000400: Using dialect: org.hibernate.dialect.MySQL5Dialect
INFO 2018-12-28 09\:12\:17259 (AbstractEntityManagerFactoryBean.java:415)  -  Initialized JPA EntityManagerFactory for persistence unit 'default'
INFO 2018-12-28 09\:12\:17332 (OptionalLiveReloadServer.java:57)  -  LiveReload server is running on port 35729
INFO 2018-12-28 09\:12\:18515 (DefaultSecurityFilterChain.java:43)  -  Creating filter chain: Ant [pattern='/js/**'], []
INFO 2018-12-28 09\:12\:18515 (DefaultSecurityFilterChain.java:43)  -  Creating filter chain: Ant [pattern='/img/**'], []
INFO 2018-12-28 09\:12\:18515 (DefaultSecurityFilterChain.java:43)  -  Creating filter chain: Ant [pattern='/css/**'], []
INFO 2018-12-28 09\:12\:18515 (DefaultSecurityFilterChain.java:43)  -  Creating filter chain: Ant [pattern='/images/**'], []
INFO 2018-12-28 09\:12\:18515 (DefaultSecurityFilterChain.java:43)  -  Creating filter chain: Ant [pattern='fav.ico'], []
INFO 2018-12-28 09\:12\:18558 (DefaultSecurityFilterChain.java:43)  -  Creating filter chain: any request, [org.springframework.security.web.context.request.async.WebAsyncManagerIntegrationFilter@5db98c61, org.springframework.security.web.context.SecurityContextPersistenceFilter@2aec0d6e, org.springframework.security.web.header.HeaderWriterFilter@60f18cf1, org.springframework.security.web.csrf.CsrfFilter@20b603b2, org.springframework.security.web.authentication.logout.LogoutFilter@3fd33d19, org.springframework.security.web.authentication.UsernamePasswordAuthenticationFilter@169fbb34, org.springframework.security.web.savedrequest.RequestCacheAwareFilter@be95697, org.springframework.security.web.servletapi.SecurityContextHolderAwareRequestFilter@4ab29acb, org.springframework.security.web.authentication.AnonymousAuthenticationFilter@7a62e14, org.springframework.security.web.session.SessionManagementFilter@685e0300, org.springframework.security.web.access.ExceptionTranslationFilter@18096f80, org.springframework.security.web.access.intercept.FilterSecurityInterceptor@479b5486]
WARN 2018-12-28 09\:12\:1982 (AbstractApplicationContext.java:554)  -  Exception encountered during context initialization - cancelling refresh attempt: org.springframework.beans.factory.BeanCreationException: Error creating bean with name 'elasticsearchClient' defined in class path resource [org/springframework/boot/autoconfigure/data/elasticsearch/ElasticsearchAutoConfiguration.class]: Bean instantiation via factory method failed; nested exception is org.springframework.beans.BeanInstantiationException: Failed to instantiate [org.elasticsearch.client.transport.TransportClient]: Factory method 'elasticsearchClient' threw exception; nested exception is java.lang.NoClassDefFoundError: org/apache/lucene/util/Accountable
INFO 2018-12-28 09\:12\:1983 (AbstractEntityManagerFactoryBean.java:597)  -  Closing JPA EntityManagerFactory for persistence unit 'default'
INFO 2018-12-28 09\:12\:1986 (HikariDataSource.java:350)  -  HikariPool-1 - Shutdown initiated...
INFO 2018-12-28 09\:12\:1995 (HikariDataSource.java:352)  -  HikariPool-1 - Shutdown completed.
INFO 2018-12-28 09\:12\:1997 (DirectJDKLog.java:173)  -  Stopping service [Tomcat]
INFO 2018-12-28 09\:12\:19138 (ConditionEvaluationReportLoggingListener.java:142)  -  

Error starting ApplicationContext. To display the conditions report re-run your application with 'debug' enabled.
ERROR 2018-12-28 09\:12\:19143 (SpringApplication.java:858)  -  Application run failed
org.springframework.beans.factory.BeanCreationException: Error creating bean with name 'elasticsearchClient' defined in class path resource [org/springframework/boot/autoconfigure/data/elasticsearch/ElasticsearchAutoConfiguration.class]: Bean instantiation via factory method failed; nested exception is org.springframework.beans.BeanInstantiationException: Failed to instantiate [org.elasticsearch.client.transport.TransportClient]: Factory method 'elasticsearchClient' threw exception; nested exception is java.lang.NoClassDefFoundError: org/apache/lucene/util/Accountable
	at org.springframework.beans.factory.support.ConstructorResolver.instantiate(ConstructorResolver.java:625) ~[spring-beans-5.1.2.RELEASE.jar:5.1.2.RELEASE]
	at org.springframework.beans.factory.support.ConstructorResolver.instantiateUsingFactoryMethod(ConstructorResolver.java:455) ~[spring-beans-5.1.2.RELEASE.jar:5.1.2.RELEASE]
	at org.springframework.beans.factory.support.AbstractAutowireCapableBeanFactory.instantiateUsingFactoryMethod(AbstractAutowireCapableBeanFactory.java:1288) ~[spring-beans-5.1.2.RELEASE.jar:5.1.2.RELEASE]
	at org.springframework.beans.factory.support.AbstractAutowireCapableBeanFactory.createBeanInstance(AbstractAutowireCapableBeanFactory.java:1127) ~[spring-beans-5.1.2.RELEASE.jar:5.1.2.RELEASE]
	at org.springframework.beans.factory.support.AbstractAutowireCapableBeanFactory.doCreateBean(AbstractAutowireCapableBeanFactory.java:538) ~[spring-beans-5.1.2.RELEASE.jar:5.1.2.RELEASE]
	at org.springframework.beans.factory.support.AbstractAutowireCapableBeanFactory.createBean(AbstractAutowireCapableBeanFactory.java:498) ~[spring-beans-5.1.2.RELEASE.jar:5.1.2.RELEASE]
	at org.springframework.beans.factory.support.AbstractBeanFactory.lambda$doGetBean$0(AbstractBeanFactory.java:320) ~[spring-beans-5.1.2.RELEASE.jar:5.1.2.RELEASE]
	at org.springframework.beans.factory.support.DefaultSingletonBeanRegistry.getSingleton(DefaultSingletonBeanRegistry.java:222) ~[spring-beans-5.1.2.RELEASE.jar:5.1.2.RELEASE]
	at org.springframework.beans.factory.support.AbstractBeanFactory.doGetBean(AbstractBeanFactory.java:318) ~[spring-beans-5.1.2.RELEASE.jar:5.1.2.RELEASE]
	at org.springframework.beans.factory.support.AbstractBeanFactory.getBean(AbstractBeanFactory.java:199) ~[spring-beans-5.1.2.RELEASE.jar:5.1.2.RELEASE]
	at org.springframework.beans.factory.support.DefaultListableBeanFactory.preInstantiateSingletons(DefaultListableBeanFactory.java:846) ~[spring-beans-5.1.2.RELEASE.jar:5.1.2.RELEASE]
	at org.springframework.context.support.AbstractApplicationContext.finishBeanFactoryInitialization(AbstractApplicationContext.java:863) ~[spring-context-5.1.2.RELEASE.jar:5.1.2.RELEASE]
	at org.springframework.context.support.AbstractApplicationContext.refresh(AbstractApplicationContext.java:546) ~[spring-context-5.1.2.RELEASE.jar:5.1.2.RELEASE]
	at org.springframework.boot.web.servlet.context.ServletWebServerApplicationContext.refresh(ServletWebServerApplicationContext.java:140) ~[spring-boot-2.1.0.RELEASE.jar:2.1.0.RELEASE]
	at org.springframework.boot.SpringApplication.refresh(SpringApplication.java:775) [spring-boot-2.1.0.RELEASE.jar:2.1.0.RELEASE]
	at org.springframework.boot.SpringApplication.refreshContext(SpringApplication.java:397) [spring-boot-2.1.0.RELEASE.jar:2.1.0.RELEASE]
	at org.springframework.boot.SpringApplication.run(SpringApplication.java:316) [spring-boot-2.1.0.RELEASE.jar:2.1.0.RELEASE]
	at org.springframework.boot.SpringApplication.run(SpringApplication.java:1260) [spring-boot-2.1.0.RELEASE.jar:2.1.0.RELEASE]
	at org.springframework.boot.SpringApplication.run(SpringApplication.java:1248) [spring-boot-2.1.0.RELEASE.jar:2.1.0.RELEASE]
	at com.wxq.modelspringboot.ModelSpringbootApplication.main(ModelSpringbootApplication.java:13) [classes/:?]
	at sun.reflect.NativeMethodAccessorImpl.invoke0(Native Method) ~[?:1.8.0_181]
	at sun.reflect.NativeMethodAccessorImpl.invoke(NativeMethodAccessorImpl.java:62) ~[?:1.8.0_181]
	at sun.reflect.DelegatingMethodAccessorImpl.invoke(DelegatingMethodAccessorImpl.java:43) ~[?:1.8.0_181]
	at java.lang.reflect.Method.invoke(Method.java:498) ~[?:1.8.0_181]
	at org.springframework.boot.devtools.restart.RestartLauncher.run(RestartLauncher.java:49) [spring-boot-devtools-2.1.0.RELEASE.jar:2.1.0.RELEASE]
Caused by: org.springframework.beans.BeanInstantiationException: Failed to instantiate [org.elasticsearch.client.transport.TransportClient]: Factory method 'elasticsearchClient' threw exception; nested exception is java.lang.NoClassDefFoundError: org/apache/lucene/util/Accountable
	at org.springframework.beans.factory.support.SimpleInstantiationStrategy.instantiate(SimpleInstantiationStrategy.java:185) ~[spring-beans-5.1.2.RELEASE.jar:5.1.2.RELEASE]
	at org.springframework.beans.factory.support.ConstructorResolver.instantiate(ConstructorResolver.java:620) ~[spring-beans-5.1.2.RELEASE.jar:5.1.2.RELEASE]
	... 24 more
Caused by: java.lang.NoClassDefFoundError: org/apache/lucene/util/Accountable
	at java.lang.ClassLoader.defineClass1(Native Method) ~[?:1.8.0_181]
	at java.lang.ClassLoader.defineClass(ClassLoader.java:763) ~[?:1.8.0_181]
	at java.security.SecureClassLoader.defineClass(SecureClassLoader.java:142) ~[?:1.8.0_181]
	at java.net.URLClassLoader.defineClass(URLClassLoader.java:467) ~[?:1.8.0_181]
	at java.net.URLClassLoader.access$100(URLClassLoader.java:73) ~[?:1.8.0_181]
	at java.net.URLClassLoader$1.run(URLClassLoader.java:368) ~[?:1.8.0_181]
	at java.net.URLClassLoader$1.run(URLClassLoader.java:362) ~[?:1.8.0_181]
	at java.security.AccessController.doPrivileged(Native Method) ~[?:1.8.0_181]
	at java.net.URLClassLoader.findClass(URLClassLoader.java:361) ~[?:1.8.0_181]
	at java.lang.ClassLoader.loadClass(ClassLoader.java:424) ~[?:1.8.0_181]
	at sun.misc.Launcher$AppClassLoader.loadClass(Launcher.java:349) ~[?:1.8.0_181]
	at java.lang.ClassLoader.loadClass(ClassLoader.java:357) ~[?:1.8.0_181]
	at org.elasticsearch.common.xcontent.XContentElasticsearchExtension.getXContentWriters(XContentElasticsearchExtension.java:97) ~[elasticsearch-6.4.2.jar:6.4.2]
	at org.elasticsearch.common.xcontent.XContentBuilder.<clinit>(XContentBuilder.java:116) ~[elasticsearch-x-content-6.4.2.jar:6.4.2]
	at org.elasticsearch.common.settings.Setting.arrayToParsableString(Setting.java:1215) ~[elasticsearch-6.4.2.jar:6.4.2]
	at org.elasticsearch.common.settings.Setting.access$600(Setting.java:85) ~[elasticsearch-6.4.2.jar:6.4.2]
	at org.elasticsearch.common.settings.Setting$ListSetting.lambda$new$0(Setting.java:895) ~[elasticsearch-6.4.2.jar:6.4.2]
	at org.elasticsearch.common.settings.Setting$ListSetting.getRaw(Setting.java:903) ~[elasticsearch-6.4.2.jar:6.4.2]
	at org.elasticsearch.common.settings.Setting.lambda$listSetting$30(Setting.java:1178) ~[elasticsearch-6.4.2.jar:6.4.2]
	at org.elasticsearch.common.settings.Setting.listSetting(Setting.java:1183) ~[elasticsearch-6.4.2.jar:6.4.2]
	at org.elasticsearch.common.settings.Setting.listSetting(Setting.java:1178) ~[elasticsearch-6.4.2.jar:6.4.2]
	at org.elasticsearch.transport.TcpTransport.<clinit>(TcpTransport.java:132) ~[elasticsearch-6.4.2.jar:6.4.2]
	at org.elasticsearch.client.transport.TransportClient.newPluginService(TransportClient.java:103) ~[elasticsearch-6.4.2.jar:6.4.2]
	at org.elasticsearch.client.transport.TransportClient.buildTemplate(TransportClient.java:133) ~[elasticsearch-6.4.2.jar:6.4.2]
	at org.elasticsearch.client.transport.TransportClient.<init>(TransportClient.java:283) ~[elasticsearch-6.4.2.jar:6.4.2]
	at org.elasticsearch.transport.client.PreBuiltTransportClient.<init>(PreBuiltTransportClient.java:128) ~[transport-6.4.2.jar:6.4.2]
	at org.elasticsearch.transport.client.PreBuiltTransportClient.<init>(PreBuiltTransportClient.java:114) ~[transport-6.4.2.jar:6.4.2]
	at org.elasticsearch.transport.client.PreBuiltTransportClient.<init>(PreBuiltTransportClient.java:104) ~[transport-6.4.2.jar:6.4.2]
	at org.springframework.data.elasticsearch.client.TransportClientFactoryBean.buildClient(TransportClientFactoryBean.java:85) ~[spring-data-elasticsearch-3.1.2.RELEASE.jar:3.1.2.RELEASE]
	at org.springframework.data.elasticsearch.client.TransportClientFactoryBean.afterPropertiesSet(TransportClientFactoryBean.java:80) ~[spring-data-elasticsearch-3.1.2.RELEASE.jar:3.1.2.RELEASE]
	at org.springframework.boot.autoconfigure.data.elasticsearch.ElasticsearchAutoConfiguration.elasticsearchClient(ElasticsearchAutoConfiguration.java:59) ~[spring-boot-autoconfigure-2.1.0.RELEASE.jar:2.1.0.RELEASE]
	at org.springframework.boot.autoconfigure.data.elasticsearch.ElasticsearchAutoConfiguration$$EnhancerBySpringCGLIB$$1f6b1e34.CGLIB$elasticsearchClient$0(<generated>) ~[spring-boot-autoconfigure-2.1.0.RELEASE.jar:2.1.0.RELEASE]
	at org.springframework.boot.autoconfigure.data.elasticsearch.ElasticsearchAutoConfiguration$$EnhancerBySpringCGLIB$$1f6b1e34$$FastClassBySpringCGLIB$$7fd80b5c.invoke(<generated>) ~[spring-boot-autoconfigure-2.1.0.RELEASE.jar:2.1.0.RELEASE]
	at org.springframework.cglib.proxy.MethodProxy.invokeSuper(MethodProxy.java:244) ~[spring-core-5.1.2.RELEASE.jar:5.1.2.RELEASE]
	at org.springframework.context.annotation.ConfigurationClassEnhancer$BeanMethodInterceptor.intercept(ConfigurationClassEnhancer.java:363) ~[spring-context-5.1.2.RELEASE.jar:5.1.2.RELEASE]
	at org.springframework.boot.autoconfigure.data.elasticsearch.ElasticsearchAutoConfiguration$$EnhancerBySpringCGLIB$$1f6b1e34.elasticsearchClient(<generated>) ~[spring-boot-autoconfigure-2.1.0.RELEASE.jar:2.1.0.RELEASE]
	at sun.reflect.NativeMethodAccessorImpl.invoke0(Native Method) ~[?:1.8.0_181]
	at sun.reflect.NativeMethodAccessorImpl.invoke(NativeMethodAccessorImpl.java:62) ~[?:1.8.0_181]
	at sun.reflect.DelegatingMethodAccessorImpl.invoke(DelegatingMethodAccessorImpl.java:43) ~[?:1.8.0_181]
	at java.lang.reflect.Method.invoke(Method.java:498) ~[?:1.8.0_181]
	at org.springframework.beans.factory.support.SimpleInstantiationStrategy.instantiate(SimpleInstantiationStrategy.java:154) ~[spring-beans-5.1.2.RELEASE.jar:5.1.2.RELEASE]
	at org.springframework.beans.factory.support.ConstructorResolver.instantiate(ConstructorResolver.java:620) ~[spring-beans-5.1.2.RELEASE.jar:5.1.2.RELEASE]
	... 24 more
Caused by: java.lang.ClassNotFoundException: org.apache.lucene.util.Accountable
	at java.net.URLClassLoader.findClass(URLClassLoader.java:381) ~[?:1.8.0_181]
	at java.lang.ClassLoader.loadClass(ClassLoader.java:424) ~[?:1.8.0_181]
	at sun.misc.Launcher$AppClassLoader.loadClass(Launcher.java:349) ~[?:1.8.0_181]
	at java.lang.ClassLoader.loadClass(ClassLoader.java:357) ~[?:1.8.0_181]
	at java.lang.ClassLoader.defineClass1(Native Method) ~[?:1.8.0_181]
	at java.lang.ClassLoader.defineClass(ClassLoader.java:763) ~[?:1.8.0_181]
	at java.security.SecureClassLoader.defineClass(SecureClassLoader.java:142) ~[?:1.8.0_181]
	at java.net.URLClassLoader.defineClass(URLClassLoader.java:467) ~[?:1.8.0_181]
	at java.net.URLClassLoader.access$100(URLClassLoader.java:73) ~[?:1.8.0_181]
	at java.net.URLClassLoader$1.run(URLClassLoader.java:368) ~[?:1.8.0_181]
	at java.net.URLClassLoader$1.run(URLClassLoader.java:362) ~[?:1.8.0_181]
	at java.security.AccessController.doPrivileged(Native Method) ~[?:1.8.0_181]
	at java.net.URLClassLoader.findClass(URLClassLoader.java:361) ~[?:1.8.0_181]
	at java.lang.ClassLoader.loadClass(ClassLoader.java:424) ~[?:1.8.0_181]
	at sun.misc.Launcher$AppClassLoader.loadClass(Launcher.java:349) ~[?:1.8.0_181]
	at java.lang.ClassLoader.loadClass(ClassLoader.java:357) ~[?:1.8.0_181]
	at org.elasticsearch.common.xcontent.XContentElasticsearchExtension.getXContentWriters(XContentElasticsearchExtension.java:97) ~[elasticsearch-6.4.2.jar:6.4.2]
	at org.elasticsearch.common.xcontent.XContentBuilder.<clinit>(XContentBuilder.java:116) ~[elasticsearch-x-content-6.4.2.jar:6.4.2]
	at org.elasticsearch.common.settings.Setting.arrayToParsableString(Setting.java:1215) ~[elasticsearch-6.4.2.jar:6.4.2]
	at org.elasticsearch.common.settings.Setting.access$600(Setting.java:85) ~[elasticsearch-6.4.2.jar:6.4.2]
	at org.elasticsearch.common.settings.Setting$ListSetting.lambda$new$0(Setting.java:895) ~[elasticsearch-6.4.2.jar:6.4.2]
	at org.elasticsearch.common.settings.Setting$ListSetting.getRaw(Setting.java:903) ~[elasticsearch-6.4.2.jar:6.4.2]
	at org.elasticsearch.common.settings.Setting.lambda$listSetting$30(Setting.java:1178) ~[elasticsearch-6.4.2.jar:6.4.2]
	at org.elasticsearch.common.settings.Setting.listSetting(Setting.java:1183) ~[elasticsearch-6.4.2.jar:6.4.2]
	at org.elasticsearch.common.settings.Setting.listSetting(Setting.java:1178) ~[elasticsearch-6.4.2.jar:6.4.2]
	at org.elasticsearch.transport.TcpTransport.<clinit>(TcpTransport.java:132) ~[elasticsearch-6.4.2.jar:6.4.2]
	at org.elasticsearch.client.transport.TransportClient.newPluginService(TransportClient.java:103) ~[elasticsearch-6.4.2.jar:6.4.2]
	at org.elasticsearch.client.transport.TransportClient.buildTemplate(TransportClient.java:133) ~[elasticsearch-6.4.2.jar:6.4.2]
	at org.elasticsearch.client.transport.TransportClient.<init>(TransportClient.java:283) ~[elasticsearch-6.4.2.jar:6.4.2]
	at org.elasticsearch.transport.client.PreBuiltTransportClient.<init>(PreBuiltTransportClient.java:128) ~[transport-6.4.2.jar:6.4.2]
	at org.elasticsearch.transport.client.PreBuiltTransportClient.<init>(PreBuiltTransportClient.java:114) ~[transport-6.4.2.jar:6.4.2]
	at org.elasticsearch.transport.client.PreBuiltTransportClient.<init>(PreBuiltTransportClient.java:104) ~[transport-6.4.2.jar:6.4.2]
	at org.springframework.data.elasticsearch.client.TransportClientFactoryBean.buildClient(TransportClientFactoryBean.java:85) ~[spring-data-elasticsearch-3.1.2.RELEASE.jar:3.1.2.RELEASE]
	at org.springframework.data.elasticsearch.client.TransportClientFactoryBean.afterPropertiesSet(TransportClientFactoryBean.java:80) ~[spring-data-elasticsearch-3.1.2.RELEASE.jar:3.1.2.RELEASE]
	at org.springframework.boot.autoconfigure.data.elasticsearch.ElasticsearchAutoConfiguration.elasticsearchClient(ElasticsearchAutoConfiguration.java:59) ~[spring-boot-autoconfigure-2.1.0.RELEASE.jar:2.1.0.RELEASE]
	at org.springframework.boot.autoconfigure.data.elasticsearch.ElasticsearchAutoConfiguration$$EnhancerBySpringCGLIB$$1f6b1e34.CGLIB$elasticsearchClient$0(<generated>) ~[spring-boot-autoconfigure-2.1.0.RELEASE.jar:2.1.0.RELEASE]
	at org.springframework.boot.autoconfigure.data.elasticsearch.ElasticsearchAutoConfiguration$$EnhancerBySpringCGLIB$$1f6b1e34$$FastClassBySpringCGLIB$$7fd80b5c.invoke(<generated>) ~[spring-boot-autoconfigure-2.1.0.RELEASE.jar:2.1.0.RELEASE]
	at org.springframework.cglib.proxy.MethodProxy.invokeSuper(MethodProxy.java:244) ~[spring-core-5.1.2.RELEASE.jar:5.1.2.RELEASE]
	at org.springframework.context.annotation.ConfigurationClassEnhancer$BeanMethodInterceptor.intercept(ConfigurationClassEnhancer.java:363) ~[spring-context-5.1.2.RELEASE.jar:5.1.2.RELEASE]
	at org.springframework.boot.autoconfigure.data.elasticsearch.ElasticsearchAutoConfiguration$$EnhancerBySpringCGLIB$$1f6b1e34.elasticsearchClient(<generated>) ~[spring-boot-autoconfigure-2.1.0.RELEASE.jar:2.1.0.RELEASE]
	at sun.reflect.NativeMethodAccessorImpl.invoke0(Native Method) ~[?:1.8.0_181]
	at sun.reflect.NativeMethodAccessorImpl.invoke(NativeMethodAccessorImpl.java:62) ~[?:1.8.0_181]
	at sun.reflect.DelegatingMethodAccessorImpl.invoke(DelegatingMethodAccessorImpl.java:43) ~[?:1.8.0_181]
	at java.lang.reflect.Method.invoke(Method.java:498) ~[?:1.8.0_181]
	at org.springframework.beans.factory.support.SimpleInstantiationStrategy.instantiate(SimpleInstantiationStrategy.java:154) ~[spring-beans-5.1.2.RELEASE.jar:5.1.2.RELEASE]
	at org.springframework.beans.factory.support.ConstructorResolver.instantiate(ConstructorResolver.java:620) ~[spring-beans-5.1.2.RELEASE.jar:5.1.2.RELEASE]
	... 24 more
INFO 2018-12-28 09\:14\:5413 (StartupInfoLogger.java:50)  -  Starting ModelSpringbootApplication on 838-PC with PID 6428 (E:\workspace-private\model-springboot\target\classes started by 838 in E:\workspace-private\model-springboot)
INFO 2018-12-28 09\:14\:5418 (SpringApplication.java:679)  -  The following profiles are active: dev
INFO 2018-12-28 09\:14\:54215 (DeferredLog.java:227)  -  Devtools property defaults active! Set 'spring.devtools.add-properties' to 'false' to disable
INFO 2018-12-28 09\:14\:54215 (DeferredLog.java:227)  -  For additional web related logging consider setting the 'logging.level.web' property to 'DEBUG'
INFO 2018-12-28 09\:14\:54905 (RepositoryConfigurationDelegate.java:244)  -  Multiple Spring Data modules found, entering strict repository configuration mode!
INFO 2018-12-28 09\:14\:54906 (RepositoryConfigurationDelegate.java:126)  -  Bootstrapping Spring Data repositories in DEFAULT mode.
INFO 2018-12-28 09\:14\:54974 (RepositoryConfigurationDelegate.java:182)  -  Finished Spring Data repository scanning in 62ms. Found 1 repository interfaces.
WARN 2018-12-28 09\:14\:55140 (ClassPathMapperScanner.java:166)  -  No MyBatis mapper was found in '[com.wxq.modelspringboot]' package. Please check your configuration.
INFO 2018-12-28 09\:14\:55207 (RepositoryConfigurationDelegate.java:244)  -  Multiple Spring Data modules found, entering strict repository configuration mode!
INFO 2018-12-28 09\:14\:55208 (RepositoryConfigurationDelegate.java:126)  -  Bootstrapping Spring Data repositories in DEFAULT mode.
INFO 2018-12-28 09\:14\:55224 (RepositoryConfigurationExtensionSupport.java:363)  -  Spring Data Elasticsearch - Could not safely identify store assignment for repository candidate interface com.wxq.modelspringboot.web.Dao.UserRepository.
INFO 2018-12-28 09\:14\:55224 (RepositoryConfigurationDelegate.java:182)  -  Finished Spring Data repository scanning in 15ms. Found 0 repository interfaces.
INFO 2018-12-28 09\:14\:55705 (PostProcessorRegistrationDelegate.java:330)  -  Bean 'org.springframework.transaction.annotation.ProxyTransactionManagementConfiguration' of type [org.springframework.transaction.annotation.ProxyTransactionManagementConfiguration$$EnhancerBySpringCGLIB$$8f0d56e3] is not eligible for getting processed by all BeanPostProcessors (for example: not eligible for auto-proxying)
INFO 2018-12-28 09\:14\:55884 (PostProcessorRegistrationDelegate.java:330)  -  Bean 'org.springframework.hateoas.config.HateoasConfiguration' of type [org.springframework.hateoas.config.HateoasConfiguration$$EnhancerBySpringCGLIB$$e8da415] is not eligible for getting processed by all BeanPostProcessors (for example: not eligible for auto-proxying)
INFO 2018-12-28 09\:14\:56277 (TomcatWebServer.java:90)  -  Tomcat initialized with port(s): 9999 (http)
INFO 2018-12-28 09\:14\:56290 (DirectJDKLog.java:173)  -  Initializing ProtocolHandler ["http-nio-9999"]
INFO 2018-12-28 09\:14\:56297 (DirectJDKLog.java:173)  -  Starting service [Tomcat]
INFO 2018-12-28 09\:14\:56298 (DirectJDKLog.java:173)  -  Starting Servlet Engine: Apache Tomcat/9.0.12
INFO 2018-12-28 09\:14\:56304 (DirectJDKLog.java:173)  -  Loaded APR based Apache Tomcat Native library [1.2.17] using APR version [1.6.3].
INFO 2018-12-28 09\:14\:56304 (DirectJDKLog.java:173)  -  APR capabilities: IPv6 [true], sendfile [true], accept filters [false], random [true].
INFO 2018-12-28 09\:14\:56304 (DirectJDKLog.java:173)  -  APR/OpenSSL configuration: useAprConnector [false], useOpenSSL [true]
INFO 2018-12-28 09\:14\:57343 (DirectJDKLog.java:173)  -  OpenSSL successfully initialized [OpenSSL 1.0.2o  27 Mar 2018]
INFO 2018-12-28 09\:14\:57454 (DirectJDKLog.java:173)  -  Initializing Spring embedded WebApplicationContext
INFO 2018-12-28 09\:14\:57454 (ServletWebServerApplicationContext.java:285)  -  Root WebApplicationContext: initialization completed in 3239 ms
INFO 2018-12-28 09\:14\:57498 (AbstractFilterRegistrationBean.java:248)  -  Mapping filter: 'characterEncodingFilter' to: [/*]
INFO 2018-12-28 09\:14\:57499 (AbstractFilterRegistrationBean.java:248)  -  Mapping filter: 'springSecurityFilterChain' to: [/*]
INFO 2018-12-28 09\:14\:57499 (ServletRegistrationBean.java:186)  -  Servlet dispatcherServlet mapped to [/]
INFO 2018-12-28 09\:14\:57636 (HikariDataSource.java:110)  -  HikariPool-1 - Starting...
INFO 2018-12-28 09\:14\:57880 (HikariDataSource.java:123)  -  HikariPool-1 - Start completed.
INFO 2018-12-28 09\:14\:57945 (LogHelper.java:31)  -  HHH000204: Processing PersistenceUnitInfo [
	name: default
	...]
INFO 2018-12-28 09\:14\:5822 (Version.java:46)  -  HHH000412: Hibernate Core {5.3.7.Final}
INFO 2018-12-28 09\:14\:5826 (Environment.java:213)  -  HHH000206: hibernate.properties not found
INFO 2018-12-28 09\:14\:58142 (JavaReflectionManager.java:49)  -  HCANN000001: Hibernate Commons Annotations {5.0.4.Final}
INFO 2018-12-28 09\:14\:58375 (Dialect.java:157)  -  HHH000400: Using dialect: org.hibernate.dialect.MySQL5Dialect
INFO 2018-12-28 09\:14\:58876 (AbstractEntityManagerFactoryBean.java:415)  -  Initialized JPA EntityManagerFactory for persistence unit 'default'
INFO 2018-12-28 09\:14\:58931 (OptionalLiveReloadServer.java:57)  -  LiveReload server is running on port 35729
INFO 2018-12-28 09\:15\:0056 (DefaultSecurityFilterChain.java:43)  -  Creating filter chain: Ant [pattern='/js/**'], []
INFO 2018-12-28 09\:15\:0057 (DefaultSecurityFilterChain.java:43)  -  Creating filter chain: Ant [pattern='/img/**'], []
INFO 2018-12-28 09\:15\:0057 (DefaultSecurityFilterChain.java:43)  -  Creating filter chain: Ant [pattern='/css/**'], []
INFO 2018-12-28 09\:15\:0057 (DefaultSecurityFilterChain.java:43)  -  Creating filter chain: Ant [pattern='/images/**'], []
INFO 2018-12-28 09\:15\:0057 (DefaultSecurityFilterChain.java:43)  -  Creating filter chain: Ant [pattern='fav.ico'], []
INFO 2018-12-28 09\:15\:00102 (DefaultSecurityFilterChain.java:43)  -  Creating filter chain: any request, [org.springframework.security.web.context.request.async.WebAsyncManagerIntegrationFilter@3a60d81a, org.springframework.security.web.context.SecurityContextPersistenceFilter@4787d03c, org.springframework.security.web.header.HeaderWriterFilter@58f82c84, org.springframework.security.web.csrf.CsrfFilter@35205387, org.springframework.security.web.authentication.logout.LogoutFilter@475de0d7, org.springframework.security.web.authentication.UsernamePasswordAuthenticationFilter@5fc93d5, org.springframework.security.web.savedrequest.RequestCacheAwareFilter@d99efe, org.springframework.security.web.servletapi.SecurityContextHolderAwareRequestFilter@3167b484, org.springframework.security.web.authentication.AnonymousAuthenticationFilter@6076e42f, org.springframework.security.web.session.SessionManagementFilter@1e806fb3, org.springframework.security.web.access.ExceptionTranslationFilter@581fe2f9, org.springframework.security.web.access.intercept.FilterSecurityInterceptor@496eaf8]
WARN 2018-12-28 09\:15\:00356 (AbstractApplicationContext.java:554)  -  Exception encountered during context initialization - cancelling refresh attempt: org.springframework.beans.factory.BeanCreationException: Error creating bean with name 'elasticsearchClient' defined in class path resource [org/springframework/boot/autoconfigure/data/elasticsearch/ElasticsearchAutoConfiguration.class]: Bean instantiation via factory method failed; nested exception is org.springframework.beans.BeanInstantiationException: Failed to instantiate [org.elasticsearch.client.transport.TransportClient]: Factory method 'elasticsearchClient' threw exception; nested exception is java.lang.NoClassDefFoundError: org/apache/lucene/util/Accountable
INFO 2018-12-28 09\:15\:00357 (AbstractEntityManagerFactoryBean.java:597)  -  Closing JPA EntityManagerFactory for persistence unit 'default'
INFO 2018-12-28 09\:15\:00361 (HikariDataSource.java:350)  -  HikariPool-1 - Shutdown initiated...
INFO 2018-12-28 09\:15\:00371 (HikariDataSource.java:352)  -  HikariPool-1 - Shutdown completed.
INFO 2018-12-28 09\:15\:00373 (DirectJDKLog.java:173)  -  Stopping service [Tomcat]
INFO 2018-12-28 09\:15\:00383 (ConditionEvaluationReportLoggingListener.java:142)  -  

Error starting ApplicationContext. To display the conditions report re-run your application with 'debug' enabled.
ERROR 2018-12-28 09\:15\:00393 (SpringApplication.java:858)  -  Application run failed
org.springframework.beans.factory.BeanCreationException: Error creating bean with name 'elasticsearchClient' defined in class path resource [org/springframework/boot/autoconfigure/data/elasticsearch/ElasticsearchAutoConfiguration.class]: Bean instantiation via factory method failed; nested exception is org.springframework.beans.BeanInstantiationException: Failed to instantiate [org.elasticsearch.client.transport.TransportClient]: Factory method 'elasticsearchClient' threw exception; nested exception is java.lang.NoClassDefFoundError: org/apache/lucene/util/Accountable
	at org.springframework.beans.factory.support.ConstructorResolver.instantiate(ConstructorResolver.java:625) ~[spring-beans-5.1.2.RELEASE.jar:5.1.2.RELEASE]
	at org.springframework.beans.factory.support.ConstructorResolver.instantiateUsingFactoryMethod(ConstructorResolver.java:455) ~[spring-beans-5.1.2.RELEASE.jar:5.1.2.RELEASE]
	at org.springframework.beans.factory.support.AbstractAutowireCapableBeanFactory.instantiateUsingFactoryMethod(AbstractAutowireCapableBeanFactory.java:1288) ~[spring-beans-5.1.2.RELEASE.jar:5.1.2.RELEASE]
	at org.springframework.beans.factory.support.AbstractAutowireCapableBeanFactory.createBeanInstance(AbstractAutowireCapableBeanFactory.java:1127) ~[spring-beans-5.1.2.RELEASE.jar:5.1.2.RELEASE]
	at org.springframework.beans.factory.support.AbstractAutowireCapableBeanFactory.doCreateBean(AbstractAutowireCapableBeanFactory.java:538) ~[spring-beans-5.1.2.RELEASE.jar:5.1.2.RELEASE]
	at org.springframework.beans.factory.support.AbstractAutowireCapableBeanFactory.createBean(AbstractAutowireCapableBeanFactory.java:498) ~[spring-beans-5.1.2.RELEASE.jar:5.1.2.RELEASE]
	at org.springframework.beans.factory.support.AbstractBeanFactory.lambda$doGetBean$0(AbstractBeanFactory.java:320) ~[spring-beans-5.1.2.RELEASE.jar:5.1.2.RELEASE]
	at org.springframework.beans.factory.support.DefaultSingletonBeanRegistry.getSingleton(DefaultSingletonBeanRegistry.java:222) ~[spring-beans-5.1.2.RELEASE.jar:5.1.2.RELEASE]
	at org.springframework.beans.factory.support.AbstractBeanFactory.doGetBean(AbstractBeanFactory.java:318) ~[spring-beans-5.1.2.RELEASE.jar:5.1.2.RELEASE]
	at org.springframework.beans.factory.support.AbstractBeanFactory.getBean(AbstractBeanFactory.java:199) ~[spring-beans-5.1.2.RELEASE.jar:5.1.2.RELEASE]
	at org.springframework.beans.factory.support.DefaultListableBeanFactory.preInstantiateSingletons(DefaultListableBeanFactory.java:846) ~[spring-beans-5.1.2.RELEASE.jar:5.1.2.RELEASE]
	at org.springframework.context.support.AbstractApplicationContext.finishBeanFactoryInitialization(AbstractApplicationContext.java:863) ~[spring-context-5.1.2.RELEASE.jar:5.1.2.RELEASE]
	at org.springframework.context.support.AbstractApplicationContext.refresh(AbstractApplicationContext.java:546) ~[spring-context-5.1.2.RELEASE.jar:5.1.2.RELEASE]
	at org.springframework.boot.web.servlet.context.ServletWebServerApplicationContext.refresh(ServletWebServerApplicationContext.java:140) ~[spring-boot-2.1.0.RELEASE.jar:2.1.0.RELEASE]
	at org.springframework.boot.SpringApplication.refresh(SpringApplication.java:775) [spring-boot-2.1.0.RELEASE.jar:2.1.0.RELEASE]
	at org.springframework.boot.SpringApplication.refreshContext(SpringApplication.java:397) [spring-boot-2.1.0.RELEASE.jar:2.1.0.RELEASE]
	at org.springframework.boot.SpringApplication.run(SpringApplication.java:316) [spring-boot-2.1.0.RELEASE.jar:2.1.0.RELEASE]
	at org.springframework.boot.SpringApplication.run(SpringApplication.java:1260) [spring-boot-2.1.0.RELEASE.jar:2.1.0.RELEASE]
	at org.springframework.boot.SpringApplication.run(SpringApplication.java:1248) [spring-boot-2.1.0.RELEASE.jar:2.1.0.RELEASE]
	at com.wxq.modelspringboot.ModelSpringbootApplication.main(ModelSpringbootApplication.java:13) [classes/:?]
	at sun.reflect.NativeMethodAccessorImpl.invoke0(Native Method) ~[?:1.8.0_181]
	at sun.reflect.NativeMethodAccessorImpl.invoke(NativeMethodAccessorImpl.java:62) ~[?:1.8.0_181]
	at sun.reflect.DelegatingMethodAccessorImpl.invoke(DelegatingMethodAccessorImpl.java:43) ~[?:1.8.0_181]
	at java.lang.reflect.Method.invoke(Method.java:498) ~[?:1.8.0_181]
	at org.springframework.boot.devtools.restart.RestartLauncher.run(RestartLauncher.java:49) [spring-boot-devtools-2.1.0.RELEASE.jar:2.1.0.RELEASE]
Caused by: org.springframework.beans.BeanInstantiationException: Failed to instantiate [org.elasticsearch.client.transport.TransportClient]: Factory method 'elasticsearchClient' threw exception; nested exception is java.lang.NoClassDefFoundError: org/apache/lucene/util/Accountable
	at org.springframework.beans.factory.support.SimpleInstantiationStrategy.instantiate(SimpleInstantiationStrategy.java:185) ~[spring-beans-5.1.2.RELEASE.jar:5.1.2.RELEASE]
	at org.springframework.beans.factory.support.ConstructorResolver.instantiate(ConstructorResolver.java:620) ~[spring-beans-5.1.2.RELEASE.jar:5.1.2.RELEASE]
	... 24 more
Caused by: java.lang.NoClassDefFoundError: org/apache/lucene/util/Accountable
	at java.lang.ClassLoader.defineClass1(Native Method) ~[?:1.8.0_181]
	at java.lang.ClassLoader.defineClass(ClassLoader.java:763) ~[?:1.8.0_181]
	at java.security.SecureClassLoader.defineClass(SecureClassLoader.java:142) ~[?:1.8.0_181]
	at java.net.URLClassLoader.defineClass(URLClassLoader.java:467) ~[?:1.8.0_181]
	at java.net.URLClassLoader.access$100(URLClassLoader.java:73) ~[?:1.8.0_181]
	at java.net.URLClassLoader$1.run(URLClassLoader.java:368) ~[?:1.8.0_181]
	at java.net.URLClassLoader$1.run(URLClassLoader.java:362) ~[?:1.8.0_181]
	at java.security.AccessController.doPrivileged(Native Method) ~[?:1.8.0_181]
	at java.net.URLClassLoader.findClass(URLClassLoader.java:361) ~[?:1.8.0_181]
	at java.lang.ClassLoader.loadClass(ClassLoader.java:424) ~[?:1.8.0_181]
	at sun.misc.Launcher$AppClassLoader.loadClass(Launcher.java:349) ~[?:1.8.0_181]
	at java.lang.ClassLoader.loadClass(ClassLoader.java:357) ~[?:1.8.0_181]
	at org.elasticsearch.common.xcontent.XContentElasticsearchExtension.getXContentWriters(XContentElasticsearchExtension.java:97) ~[elasticsearch-6.4.2.jar:6.4.2]
	at org.elasticsearch.common.xcontent.XContentBuilder.<clinit>(XContentBuilder.java:116) ~[elasticsearch-x-content-6.4.2.jar:6.4.2]
	at org.elasticsearch.common.settings.Setting.arrayToParsableString(Setting.java:1215) ~[elasticsearch-6.4.2.jar:6.4.2]
	at org.elasticsearch.common.settings.Setting.access$600(Setting.java:85) ~[elasticsearch-6.4.2.jar:6.4.2]
	at org.elasticsearch.common.settings.Setting$ListSetting.lambda$new$0(Setting.java:895) ~[elasticsearch-6.4.2.jar:6.4.2]
	at org.elasticsearch.common.settings.Setting$ListSetting.getRaw(Setting.java:903) ~[elasticsearch-6.4.2.jar:6.4.2]
	at org.elasticsearch.common.settings.Setting.lambda$listSetting$30(Setting.java:1178) ~[elasticsearch-6.4.2.jar:6.4.2]
	at org.elasticsearch.common.settings.Setting.listSetting(Setting.java:1183) ~[elasticsearch-6.4.2.jar:6.4.2]
	at org.elasticsearch.common.settings.Setting.listSetting(Setting.java:1178) ~[elasticsearch-6.4.2.jar:6.4.2]
	at org.elasticsearch.transport.TcpTransport.<clinit>(TcpTransport.java:132) ~[elasticsearch-6.4.2.jar:6.4.2]
	at org.elasticsearch.client.transport.TransportClient.newPluginService(TransportClient.java:103) ~[elasticsearch-6.4.2.jar:6.4.2]
	at org.elasticsearch.client.transport.TransportClient.buildTemplate(TransportClient.java:133) ~[elasticsearch-6.4.2.jar:6.4.2]
	at org.elasticsearch.client.transport.TransportClient.<init>(TransportClient.java:283) ~[elasticsearch-6.4.2.jar:6.4.2]
	at org.elasticsearch.transport.client.PreBuiltTransportClient.<init>(PreBuiltTransportClient.java:128) ~[transport-6.4.2.jar:6.4.2]
	at org.elasticsearch.transport.client.PreBuiltTransportClient.<init>(PreBuiltTransportClient.java:114) ~[transport-6.4.2.jar:6.4.2]
	at org.elasticsearch.transport.client.PreBuiltTransportClient.<init>(PreBuiltTransportClient.java:104) ~[transport-6.4.2.jar:6.4.2]
	at org.springframework.data.elasticsearch.client.TransportClientFactoryBean.buildClient(TransportClientFactoryBean.java:85) ~[spring-data-elasticsearch-3.1.2.RELEASE.jar:3.1.2.RELEASE]
	at org.springframework.data.elasticsearch.client.TransportClientFactoryBean.afterPropertiesSet(TransportClientFactoryBean.java:80) ~[spring-data-elasticsearch-3.1.2.RELEASE.jar:3.1.2.RELEASE]
	at org.springframework.boot.autoconfigure.data.elasticsearch.ElasticsearchAutoConfiguration.elasticsearchClient(ElasticsearchAutoConfiguration.java:59) ~[spring-boot-autoconfigure-2.1.0.RELEASE.jar:2.1.0.RELEASE]
	at org.springframework.boot.autoconfigure.data.elasticsearch.ElasticsearchAutoConfiguration$$EnhancerBySpringCGLIB$$59f6781b.CGLIB$elasticsearchClient$0(<generated>) ~[spring-boot-autoconfigure-2.1.0.RELEASE.jar:2.1.0.RELEASE]
	at org.springframework.boot.autoconfigure.data.elasticsearch.ElasticsearchAutoConfiguration$$EnhancerBySpringCGLIB$$59f6781b$$FastClassBySpringCGLIB$$2262f94c.invoke(<generated>) ~[spring-boot-autoconfigure-2.1.0.RELEASE.jar:2.1.0.RELEASE]
	at org.springframework.cglib.proxy.MethodProxy.invokeSuper(MethodProxy.java:244) ~[spring-core-5.1.2.RELEASE.jar:5.1.2.RELEASE]
	at org.springframework.context.annotation.ConfigurationClassEnhancer$BeanMethodInterceptor.intercept(ConfigurationClassEnhancer.java:363) ~[spring-context-5.1.2.RELEASE.jar:5.1.2.RELEASE]
	at org.springframework.boot.autoconfigure.data.elasticsearch.ElasticsearchAutoConfiguration$$EnhancerBySpringCGLIB$$59f6781b.elasticsearchClient(<generated>) ~[spring-boot-autoconfigure-2.1.0.RELEASE.jar:2.1.0.RELEASE]
	at sun.reflect.NativeMethodAccessorImpl.invoke0(Native Method) ~[?:1.8.0_181]
	at sun.reflect.NativeMethodAccessorImpl.invoke(NativeMethodAccessorImpl.java:62) ~[?:1.8.0_181]
	at sun.reflect.DelegatingMethodAccessorImpl.invoke(DelegatingMethodAccessorImpl.java:43) ~[?:1.8.0_181]
	at java.lang.reflect.Method.invoke(Method.java:498) ~[?:1.8.0_181]
	at org.springframework.beans.factory.support.SimpleInstantiationStrategy.instantiate(SimpleInstantiationStrategy.java:154) ~[spring-beans-5.1.2.RELEASE.jar:5.1.2.RELEASE]
	at org.springframework.beans.factory.support.ConstructorResolver.instantiate(ConstructorResolver.java:620) ~[spring-beans-5.1.2.RELEASE.jar:5.1.2.RELEASE]
	... 24 more
Caused by: java.lang.ClassNotFoundException: org.apache.lucene.util.Accountable
	at java.net.URLClassLoader.findClass(URLClassLoader.java:381) ~[?:1.8.0_181]
	at java.lang.ClassLoader.loadClass(ClassLoader.java:424) ~[?:1.8.0_181]
	at sun.misc.Launcher$AppClassLoader.loadClass(Launcher.java:349) ~[?:1.8.0_181]
	at java.lang.ClassLoader.loadClass(ClassLoader.java:357) ~[?:1.8.0_181]
	at java.lang.ClassLoader.defineClass1(Native Method) ~[?:1.8.0_181]
	at java.lang.ClassLoader.defineClass(ClassLoader.java:763) ~[?:1.8.0_181]
	at java.security.SecureClassLoader.defineClass(SecureClassLoader.java:142) ~[?:1.8.0_181]
	at java.net.URLClassLoader.defineClass(URLClassLoader.java:467) ~[?:1.8.0_181]
	at java.net.URLClassLoader.access$100(URLClassLoader.java:73) ~[?:1.8.0_181]
	at java.net.URLClassLoader$1.run(URLClassLoader.java:368) ~[?:1.8.0_181]
	at java.net.URLClassLoader$1.run(URLClassLoader.java:362) ~[?:1.8.0_181]
	at java.security.AccessController.doPrivileged(Native Method) ~[?:1.8.0_181]
	at java.net.URLClassLoader.findClass(URLClassLoader.java:361) ~[?:1.8.0_181]
	at java.lang.ClassLoader.loadClass(ClassLoader.java:424) ~[?:1.8.0_181]
	at sun.misc.Launcher$AppClassLoader.loadClass(Launcher.java:349) ~[?:1.8.0_181]
	at java.lang.ClassLoader.loadClass(ClassLoader.java:357) ~[?:1.8.0_181]
	at org.elasticsearch.common.xcontent.XContentElasticsearchExtension.getXContentWriters(XContentElasticsearchExtension.java:97) ~[elasticsearch-6.4.2.jar:6.4.2]
	at org.elasticsearch.common.xcontent.XContentBuilder.<clinit>(XContentBuilder.java:116) ~[elasticsearch-x-content-6.4.2.jar:6.4.2]
	at org.elasticsearch.common.settings.Setting.arrayToParsableString(Setting.java:1215) ~[elasticsearch-6.4.2.jar:6.4.2]
	at org.elasticsearch.common.settings.Setting.access$600(Setting.java:85) ~[elasticsearch-6.4.2.jar:6.4.2]
	at org.elasticsearch.common.settings.Setting$ListSetting.lambda$new$0(Setting.java:895) ~[elasticsearch-6.4.2.jar:6.4.2]
	at org.elasticsearch.common.settings.Setting$ListSetting.getRaw(Setting.java:903) ~[elasticsearch-6.4.2.jar:6.4.2]
	at org.elasticsearch.common.settings.Setting.lambda$listSetting$30(Setting.java:1178) ~[elasticsearch-6.4.2.jar:6.4.2]
	at org.elasticsearch.common.settings.Setting.listSetting(Setting.java:1183) ~[elasticsearch-6.4.2.jar:6.4.2]
	at org.elasticsearch.common.settings.Setting.listSetting(Setting.java:1178) ~[elasticsearch-6.4.2.jar:6.4.2]
	at org.elasticsearch.transport.TcpTransport.<clinit>(TcpTransport.java:132) ~[elasticsearch-6.4.2.jar:6.4.2]
	at org.elasticsearch.client.transport.TransportClient.newPluginService(TransportClient.java:103) ~[elasticsearch-6.4.2.jar:6.4.2]
	at org.elasticsearch.client.transport.TransportClient.buildTemplate(TransportClient.java:133) ~[elasticsearch-6.4.2.jar:6.4.2]
	at org.elasticsearch.client.transport.TransportClient.<init>(TransportClient.java:283) ~[elasticsearch-6.4.2.jar:6.4.2]
	at org.elasticsearch.transport.client.PreBuiltTransportClient.<init>(PreBuiltTransportClient.java:128) ~[transport-6.4.2.jar:6.4.2]
	at org.elasticsearch.transport.client.PreBuiltTransportClient.<init>(PreBuiltTransportClient.java:114) ~[transport-6.4.2.jar:6.4.2]
	at org.elasticsearch.transport.client.PreBuiltTransportClient.<init>(PreBuiltTransportClient.java:104) ~[transport-6.4.2.jar:6.4.2]
	at org.springframework.data.elasticsearch.client.TransportClientFactoryBean.buildClient(TransportClientFactoryBean.java:85) ~[spring-data-elasticsearch-3.1.2.RELEASE.jar:3.1.2.RELEASE]
	at org.springframework.data.elasticsearch.client.TransportClientFactoryBean.afterPropertiesSet(TransportClientFactoryBean.java:80) ~[spring-data-elasticsearch-3.1.2.RELEASE.jar:3.1.2.RELEASE]
	at org.springframework.boot.autoconfigure.data.elasticsearch.ElasticsearchAutoConfiguration.elasticsearchClient(ElasticsearchAutoConfiguration.java:59) ~[spring-boot-autoconfigure-2.1.0.RELEASE.jar:2.1.0.RELEASE]
	at org.springframework.boot.autoconfigure.data.elasticsearch.ElasticsearchAutoConfiguration$$EnhancerBySpringCGLIB$$59f6781b.CGLIB$elasticsearchClient$0(<generated>) ~[spring-boot-autoconfigure-2.1.0.RELEASE.jar:2.1.0.RELEASE]
	at org.springframework.boot.autoconfigure.data.elasticsearch.ElasticsearchAutoConfiguration$$EnhancerBySpringCGLIB$$59f6781b$$FastClassBySpringCGLIB$$2262f94c.invoke(<generated>) ~[spring-boot-autoconfigure-2.1.0.RELEASE.jar:2.1.0.RELEASE]
	at org.springframework.cglib.proxy.MethodProxy.invokeSuper(MethodProxy.java:244) ~[spring-core-5.1.2.RELEASE.jar:5.1.2.RELEASE]
	at org.springframework.context.annotation.ConfigurationClassEnhancer$BeanMethodInterceptor.intercept(ConfigurationClassEnhancer.java:363) ~[spring-context-5.1.2.RELEASE.jar:5.1.2.RELEASE]
	at org.springframework.boot.autoconfigure.data.elasticsearch.ElasticsearchAutoConfiguration$$EnhancerBySpringCGLIB$$59f6781b.elasticsearchClient(<generated>) ~[spring-boot-autoconfigure-2.1.0.RELEASE.jar:2.1.0.RELEASE]
	at sun.reflect.NativeMethodAccessorImpl.invoke0(Native Method) ~[?:1.8.0_181]
	at sun.reflect.NativeMethodAccessorImpl.invoke(NativeMethodAccessorImpl.java:62) ~[?:1.8.0_181]
	at sun.reflect.DelegatingMethodAccessorImpl.invoke(DelegatingMethodAccessorImpl.java:43) ~[?:1.8.0_181]
	at java.lang.reflect.Method.invoke(Method.java:498) ~[?:1.8.0_181]
	at org.springframework.beans.factory.support.SimpleInstantiationStrategy.instantiate(SimpleInstantiationStrategy.java:154) ~[spring-beans-5.1.2.RELEASE.jar:5.1.2.RELEASE]
	at org.springframework.beans.factory.support.ConstructorResolver.instantiate(ConstructorResolver.java:620) ~[spring-beans-5.1.2.RELEASE.jar:5.1.2.RELEASE]
	... 24 more
INFO 2018-12-28 09\:16\:01852 (StartupInfoLogger.java:50)  -  Starting ModelSpringbootApplication on 838-PC with PID 7012 (E:\workspace-private\model-springboot\target\classes started by 838 in E:\workspace-private\model-springboot)
INFO 2018-12-28 09\:16\:01864 (SpringApplication.java:679)  -  The following profiles are active: dev
INFO 2018-12-28 09\:16\:02142 (DeferredLog.java:227)  -  Devtools property defaults active! Set 'spring.devtools.add-properties' to 'false' to disable
INFO 2018-12-28 09\:16\:02142 (DeferredLog.java:227)  -  For additional web related logging consider setting the 'logging.level.web' property to 'DEBUG'
INFO 2018-12-28 09\:16\:02923 (RepositoryConfigurationDelegate.java:244)  -  Multiple Spring Data modules found, entering strict repository configuration mode!
INFO 2018-12-28 09\:16\:02924 (RepositoryConfigurationDelegate.java:126)  -  Bootstrapping Spring Data repositories in DEFAULT mode.
INFO 2018-12-28 09\:16\:02990 (RepositoryConfigurationDelegate.java:182)  -  Finished Spring Data repository scanning in 60ms. Found 1 repository interfaces.
WARN 2018-12-28 09\:16\:03107 (ClassPathMapperScanner.java:166)  -  No MyBatis mapper was found in '[com.wxq.modelspringboot]' package. Please check your configuration.
INFO 2018-12-28 09\:16\:03138 (RepositoryConfigurationDelegate.java:244)  -  Multiple Spring Data modules found, entering strict repository configuration mode!
INFO 2018-12-28 09\:16\:03138 (RepositoryConfigurationDelegate.java:126)  -  Bootstrapping Spring Data repositories in DEFAULT mode.
INFO 2018-12-28 09\:16\:03146 (RepositoryConfigurationExtensionSupport.java:363)  -  Spring Data Elasticsearch - Could not safely identify store assignment for repository candidate interface com.wxq.modelspringboot.web.Dao.UserRepository.
INFO 2018-12-28 09\:16\:03147 (RepositoryConfigurationDelegate.java:182)  -  Finished Spring Data repository scanning in 8ms. Found 0 repository interfaces.
INFO 2018-12-28 09\:16\:03512 (PostProcessorRegistrationDelegate.java:330)  -  Bean 'org.springframework.transaction.annotation.ProxyTransactionManagementConfiguration' of type [org.springframework.transaction.annotation.ProxyTransactionManagementConfiguration$$EnhancerBySpringCGLIB$$ba139b18] is not eligible for getting processed by all BeanPostProcessors (for example: not eligible for auto-proxying)
INFO 2018-12-28 09\:16\:03729 (PostProcessorRegistrationDelegate.java:330)  -  Bean 'org.springframework.hateoas.config.HateoasConfiguration' of type [org.springframework.hateoas.config.HateoasConfiguration$$EnhancerBySpringCGLIB$$3993e84a] is not eligible for getting processed by all BeanPostProcessors (for example: not eligible for auto-proxying)
INFO 2018-12-28 09\:16\:04126 (TomcatWebServer.java:90)  -  Tomcat initialized with port(s): 9999 (http)
INFO 2018-12-28 09\:16\:04143 (DirectJDKLog.java:173)  -  Initializing ProtocolHandler ["http-nio-9999"]
INFO 2018-12-28 09\:16\:04151 (DirectJDKLog.java:173)  -  Starting service [Tomcat]
INFO 2018-12-28 09\:16\:04153 (DirectJDKLog.java:173)  -  Starting Servlet Engine: Apache Tomcat/9.0.12
INFO 2018-12-28 09\:16\:04160 (DirectJDKLog.java:173)  -  Loaded APR based Apache Tomcat Native library [1.2.17] using APR version [1.6.3].
INFO 2018-12-28 09\:16\:04160 (DirectJDKLog.java:173)  -  APR capabilities: IPv6 [true], sendfile [true], accept filters [false], random [true].
INFO 2018-12-28 09\:16\:04161 (DirectJDKLog.java:173)  -  APR/OpenSSL configuration: useAprConnector [false], useOpenSSL [true]
INFO 2018-12-28 09\:16\:05190 (DirectJDKLog.java:173)  -  OpenSSL successfully initialized [OpenSSL 1.0.2o  27 Mar 2018]
INFO 2018-12-28 09\:16\:05338 (DirectJDKLog.java:173)  -  Initializing Spring embedded WebApplicationContext
INFO 2018-12-28 09\:16\:05338 (ServletWebServerApplicationContext.java:285)  -  Root WebApplicationContext: initialization completed in 3196 ms
INFO 2018-12-28 09\:16\:05381 (AbstractFilterRegistrationBean.java:248)  -  Mapping filter: 'characterEncodingFilter' to: [/*]
INFO 2018-12-28 09\:16\:05382 (AbstractFilterRegistrationBean.java:248)  -  Mapping filter: 'springSecurityFilterChain' to: [/*]
INFO 2018-12-28 09\:16\:05382 (ServletRegistrationBean.java:186)  -  Servlet dispatcherServlet mapped to [/]
INFO 2018-12-28 09\:16\:05525 (HikariDataSource.java:110)  -  HikariPool-1 - Starting...
INFO 2018-12-28 09\:16\:05795 (HikariDataSource.java:123)  -  HikariPool-1 - Start completed.
INFO 2018-12-28 09\:16\:05841 (LogHelper.java:31)  -  HHH000204: Processing PersistenceUnitInfo [
	name: default
	...]
INFO 2018-12-28 09\:16\:05898 (Version.java:46)  -  HHH000412: Hibernate Core {5.3.7.Final}
INFO 2018-12-28 09\:16\:05901 (Environment.java:213)  -  HHH000206: hibernate.properties not found
INFO 2018-12-28 09\:16\:0643 (JavaReflectionManager.java:49)  -  HCANN000001: Hibernate Commons Annotations {5.0.4.Final}
INFO 2018-12-28 09\:16\:06283 (Dialect.java:157)  -  HHH000400: Using dialect: org.hibernate.dialect.MySQL5Dialect
INFO 2018-12-28 09\:16\:06791 (AbstractEntityManagerFactoryBean.java:415)  -  Initialized JPA EntityManagerFactory for persistence unit 'default'
INFO 2018-12-28 09\:16\:06861 (OptionalLiveReloadServer.java:57)  -  LiveReload server is running on port 35729
INFO 2018-12-28 09\:16\:0839 (DefaultSecurityFilterChain.java:43)  -  Creating filter chain: Ant [pattern='/js/**'], []
INFO 2018-12-28 09\:16\:0839 (DefaultSecurityFilterChain.java:43)  -  Creating filter chain: Ant [pattern='/img/**'], []
INFO 2018-12-28 09\:16\:0839 (DefaultSecurityFilterChain.java:43)  -  Creating filter chain: Ant [pattern='/css/**'], []
INFO 2018-12-28 09\:16\:0839 (DefaultSecurityFilterChain.java:43)  -  Creating filter chain: Ant [pattern='/images/**'], []
INFO 2018-12-28 09\:16\:0840 (DefaultSecurityFilterChain.java:43)  -  Creating filter chain: Ant [pattern='fav.ico'], []
INFO 2018-12-28 09\:16\:0884 (DefaultSecurityFilterChain.java:43)  -  Creating filter chain: any request, [org.springframework.security.web.context.request.async.WebAsyncManagerIntegrationFilter@1142409a, org.springframework.security.web.context.SecurityContextPersistenceFilter@2cfda53a, org.springframework.security.web.header.HeaderWriterFilter@9d37af0, org.springframework.security.web.csrf.CsrfFilter@28a51d48, org.springframework.security.web.authentication.logout.LogoutFilter@7e4b8fd5, org.springframework.security.web.authentication.UsernamePasswordAuthenticationFilter@7b5321b2, org.springframework.security.web.savedrequest.RequestCacheAwareFilter@68da6123, org.springframework.security.web.servletapi.SecurityContextHolderAwareRequestFilter@2086a57b, org.springframework.security.web.authentication.AnonymousAuthenticationFilter@2ef16a8f, org.springframework.security.web.session.SessionManagementFilter@637590dd, org.springframework.security.web.access.ExceptionTranslationFilter@6cdbdf4, org.springframework.security.web.access.intercept.FilterSecurityInterceptor@185ceece]
WARN 2018-12-28 09\:16\:08337 (AbstractApplicationContext.java:554)  -  Exception encountered during context initialization - cancelling refresh attempt: org.springframework.beans.factory.BeanCreationException: Error creating bean with name 'elasticsearchClient' defined in class path resource [org/springframework/boot/autoconfigure/data/elasticsearch/ElasticsearchAutoConfiguration.class]: Bean instantiation via factory method failed; nested exception is org.springframework.beans.BeanInstantiationException: Failed to instantiate [org.elasticsearch.client.transport.TransportClient]: Factory method 'elasticsearchClient' threw exception; nested exception is java.lang.NoClassDefFoundError: org/apache/lucene/util/Accountable
INFO 2018-12-28 09\:16\:08339 (AbstractEntityManagerFactoryBean.java:597)  -  Closing JPA EntityManagerFactory for persistence unit 'default'
INFO 2018-12-28 09\:16\:08341 (HikariDataSource.java:350)  -  HikariPool-1 - Shutdown initiated...
INFO 2018-12-28 09\:16\:08349 (HikariDataSource.java:352)  -  HikariPool-1 - Shutdown completed.
INFO 2018-12-28 09\:16\:08350 (DirectJDKLog.java:173)  -  Stopping service [Tomcat]
INFO 2018-12-28 09\:16\:08361 (ConditionEvaluationReportLoggingListener.java:142)  -  

Error starting ApplicationContext. To display the conditions report re-run your application with 'debug' enabled.
ERROR 2018-12-28 09\:16\:08367 (SpringApplication.java:858)  -  Application run failed
org.springframework.beans.factory.BeanCreationException: Error creating bean with name 'elasticsearchClient' defined in class path resource [org/springframework/boot/autoconfigure/data/elasticsearch/ElasticsearchAutoConfiguration.class]: Bean instantiation via factory method failed; nested exception is org.springframework.beans.BeanInstantiationException: Failed to instantiate [org.elasticsearch.client.transport.TransportClient]: Factory method 'elasticsearchClient' threw exception; nested exception is java.lang.NoClassDefFoundError: org/apache/lucene/util/Accountable
	at org.springframework.beans.factory.support.ConstructorResolver.instantiate(ConstructorResolver.java:625) ~[spring-beans-5.1.2.RELEASE.jar:5.1.2.RELEASE]
	at org.springframework.beans.factory.support.ConstructorResolver.instantiateUsingFactoryMethod(ConstructorResolver.java:455) ~[spring-beans-5.1.2.RELEASE.jar:5.1.2.RELEASE]
	at org.springframework.beans.factory.support.AbstractAutowireCapableBeanFactory.instantiateUsingFactoryMethod(AbstractAutowireCapableBeanFactory.java:1288) ~[spring-beans-5.1.2.RELEASE.jar:5.1.2.RELEASE]
	at org.springframework.beans.factory.support.AbstractAutowireCapableBeanFactory.createBeanInstance(AbstractAutowireCapableBeanFactory.java:1127) ~[spring-beans-5.1.2.RELEASE.jar:5.1.2.RELEASE]
	at org.springframework.beans.factory.support.AbstractAutowireCapableBeanFactory.doCreateBean(AbstractAutowireCapableBeanFactory.java:538) ~[spring-beans-5.1.2.RELEASE.jar:5.1.2.RELEASE]
	at org.springframework.beans.factory.support.AbstractAutowireCapableBeanFactory.createBean(AbstractAutowireCapableBeanFactory.java:498) ~[spring-beans-5.1.2.RELEASE.jar:5.1.2.RELEASE]
	at org.springframework.beans.factory.support.AbstractBeanFactory.lambda$doGetBean$0(AbstractBeanFactory.java:320) ~[spring-beans-5.1.2.RELEASE.jar:5.1.2.RELEASE]
	at org.springframework.beans.factory.support.DefaultSingletonBeanRegistry.getSingleton(DefaultSingletonBeanRegistry.java:222) ~[spring-beans-5.1.2.RELEASE.jar:5.1.2.RELEASE]
	at org.springframework.beans.factory.support.AbstractBeanFactory.doGetBean(AbstractBeanFactory.java:318) ~[spring-beans-5.1.2.RELEASE.jar:5.1.2.RELEASE]
	at org.springframework.beans.factory.support.AbstractBeanFactory.getBean(AbstractBeanFactory.java:199) ~[spring-beans-5.1.2.RELEASE.jar:5.1.2.RELEASE]
	at org.springframework.beans.factory.support.DefaultListableBeanFactory.preInstantiateSingletons(DefaultListableBeanFactory.java:846) ~[spring-beans-5.1.2.RELEASE.jar:5.1.2.RELEASE]
	at org.springframework.context.support.AbstractApplicationContext.finishBeanFactoryInitialization(AbstractApplicationContext.java:863) ~[spring-context-5.1.2.RELEASE.jar:5.1.2.RELEASE]
	at org.springframework.context.support.AbstractApplicationContext.refresh(AbstractApplicationContext.java:546) ~[spring-context-5.1.2.RELEASE.jar:5.1.2.RELEASE]
	at org.springframework.boot.web.servlet.context.ServletWebServerApplicationContext.refresh(ServletWebServerApplicationContext.java:140) ~[spring-boot-2.1.0.RELEASE.jar:2.1.0.RELEASE]
	at org.springframework.boot.SpringApplication.refresh(SpringApplication.java:775) [spring-boot-2.1.0.RELEASE.jar:2.1.0.RELEASE]
	at org.springframework.boot.SpringApplication.refreshContext(SpringApplication.java:397) [spring-boot-2.1.0.RELEASE.jar:2.1.0.RELEASE]
	at org.springframework.boot.SpringApplication.run(SpringApplication.java:316) [spring-boot-2.1.0.RELEASE.jar:2.1.0.RELEASE]
	at org.springframework.boot.SpringApplication.run(SpringApplication.java:1260) [spring-boot-2.1.0.RELEASE.jar:2.1.0.RELEASE]
	at org.springframework.boot.SpringApplication.run(SpringApplication.java:1248) [spring-boot-2.1.0.RELEASE.jar:2.1.0.RELEASE]
	at com.wxq.modelspringboot.ModelSpringbootApplication.main(ModelSpringbootApplication.java:13) [classes/:?]
	at sun.reflect.NativeMethodAccessorImpl.invoke0(Native Method) ~[?:1.8.0_181]
	at sun.reflect.NativeMethodAccessorImpl.invoke(NativeMethodAccessorImpl.java:62) ~[?:1.8.0_181]
	at sun.reflect.DelegatingMethodAccessorImpl.invoke(DelegatingMethodAccessorImpl.java:43) ~[?:1.8.0_181]
	at java.lang.reflect.Method.invoke(Method.java:498) ~[?:1.8.0_181]
	at org.springframework.boot.devtools.restart.RestartLauncher.run(RestartLauncher.java:49) [spring-boot-devtools-2.1.0.RELEASE.jar:2.1.0.RELEASE]
Caused by: org.springframework.beans.BeanInstantiationException: Failed to instantiate [org.elasticsearch.client.transport.TransportClient]: Factory method 'elasticsearchClient' threw exception; nested exception is java.lang.NoClassDefFoundError: org/apache/lucene/util/Accountable
	at org.springframework.beans.factory.support.SimpleInstantiationStrategy.instantiate(SimpleInstantiationStrategy.java:185) ~[spring-beans-5.1.2.RELEASE.jar:5.1.2.RELEASE]
	at org.springframework.beans.factory.support.ConstructorResolver.instantiate(ConstructorResolver.java:620) ~[spring-beans-5.1.2.RELEASE.jar:5.1.2.RELEASE]
	... 24 more
Caused by: java.lang.NoClassDefFoundError: org/apache/lucene/util/Accountable
	at java.lang.ClassLoader.defineClass1(Native Method) ~[?:1.8.0_181]
	at java.lang.ClassLoader.defineClass(ClassLoader.java:763) ~[?:1.8.0_181]
	at java.security.SecureClassLoader.defineClass(SecureClassLoader.java:142) ~[?:1.8.0_181]
	at java.net.URLClassLoader.defineClass(URLClassLoader.java:467) ~[?:1.8.0_181]
	at java.net.URLClassLoader.access$100(URLClassLoader.java:73) ~[?:1.8.0_181]
	at java.net.URLClassLoader$1.run(URLClassLoader.java:368) ~[?:1.8.0_181]
	at java.net.URLClassLoader$1.run(URLClassLoader.java:362) ~[?:1.8.0_181]
	at java.security.AccessController.doPrivileged(Native Method) ~[?:1.8.0_181]
	at java.net.URLClassLoader.findClass(URLClassLoader.java:361) ~[?:1.8.0_181]
	at java.lang.ClassLoader.loadClass(ClassLoader.java:424) ~[?:1.8.0_181]
	at sun.misc.Launcher$AppClassLoader.loadClass(Launcher.java:349) ~[?:1.8.0_181]
	at java.lang.ClassLoader.loadClass(ClassLoader.java:357) ~[?:1.8.0_181]
	at org.elasticsearch.common.xcontent.XContentElasticsearchExtension.getXContentWriters(XContentElasticsearchExtension.java:97) ~[elasticsearch-6.4.2.jar:6.4.2]
	at org.elasticsearch.common.xcontent.XContentBuilder.<clinit>(XContentBuilder.java:116) ~[elasticsearch-x-content-6.4.2.jar:6.4.2]
	at org.elasticsearch.common.settings.Setting.arrayToParsableString(Setting.java:1215) ~[elasticsearch-6.4.2.jar:6.4.2]
	at org.elasticsearch.common.settings.Setting.access$600(Setting.java:85) ~[elasticsearch-6.4.2.jar:6.4.2]
	at org.elasticsearch.common.settings.Setting$ListSetting.lambda$new$0(Setting.java:895) ~[elasticsearch-6.4.2.jar:6.4.2]
	at org.elasticsearch.common.settings.Setting$ListSetting.getRaw(Setting.java:903) ~[elasticsearch-6.4.2.jar:6.4.2]
	at org.elasticsearch.common.settings.Setting.lambda$listSetting$30(Setting.java:1178) ~[elasticsearch-6.4.2.jar:6.4.2]
	at org.elasticsearch.common.settings.Setting.listSetting(Setting.java:1183) ~[elasticsearch-6.4.2.jar:6.4.2]
	at org.elasticsearch.common.settings.Setting.listSetting(Setting.java:1178) ~[elasticsearch-6.4.2.jar:6.4.2]
	at org.elasticsearch.transport.TcpTransport.<clinit>(TcpTransport.java:132) ~[elasticsearch-6.4.2.jar:6.4.2]
	at org.elasticsearch.client.transport.TransportClient.newPluginService(TransportClient.java:103) ~[elasticsearch-6.4.2.jar:6.4.2]
	at org.elasticsearch.client.transport.TransportClient.buildTemplate(TransportClient.java:133) ~[elasticsearch-6.4.2.jar:6.4.2]
	at org.elasticsearch.client.transport.TransportClient.<init>(TransportClient.java:283) ~[elasticsearch-6.4.2.jar:6.4.2]
	at org.elasticsearch.transport.client.PreBuiltTransportClient.<init>(PreBuiltTransportClient.java:128) ~[transport-6.4.2.jar:6.4.2]
	at org.elasticsearch.transport.client.PreBuiltTransportClient.<init>(PreBuiltTransportClient.java:114) ~[transport-6.4.2.jar:6.4.2]
	at org.elasticsearch.transport.client.PreBuiltTransportClient.<init>(PreBuiltTransportClient.java:104) ~[transport-6.4.2.jar:6.4.2]
	at org.springframework.data.elasticsearch.client.TransportClientFactoryBean.buildClient(TransportClientFactoryBean.java:85) ~[spring-data-elasticsearch-3.1.2.RELEASE.jar:3.1.2.RELEASE]
	at org.springframework.data.elasticsearch.client.TransportClientFactoryBean.afterPropertiesSet(TransportClientFactoryBean.java:80) ~[spring-data-elasticsearch-3.1.2.RELEASE.jar:3.1.2.RELEASE]
	at org.springframework.boot.autoconfigure.data.elasticsearch.ElasticsearchAutoConfiguration.elasticsearchClient(ElasticsearchAutoConfiguration.java:59) ~[spring-boot-autoconfigure-2.1.0.RELEASE.jar:2.1.0.RELEASE]
	at org.springframework.boot.autoconfigure.data.elasticsearch.ElasticsearchAutoConfiguration$$EnhancerBySpringCGLIB$$84fcbc50.CGLIB$elasticsearchClient$0(<generated>) ~[spring-boot-autoconfigure-2.1.0.RELEASE.jar:2.1.0.RELEASE]
	at org.springframework.boot.autoconfigure.data.elasticsearch.ElasticsearchAutoConfiguration$$EnhancerBySpringCGLIB$$84fcbc50$$FastClassBySpringCGLIB$$5415a6fb.invoke(<generated>) ~[spring-boot-autoconfigure-2.1.0.RELEASE.jar:2.1.0.RELEASE]
	at org.springframework.cglib.proxy.MethodProxy.invokeSuper(MethodProxy.java:244) ~[spring-core-5.1.2.RELEASE.jar:5.1.2.RELEASE]
	at org.springframework.context.annotation.ConfigurationClassEnhancer$BeanMethodInterceptor.intercept(ConfigurationClassEnhancer.java:363) ~[spring-context-5.1.2.RELEASE.jar:5.1.2.RELEASE]
	at org.springframework.boot.autoconfigure.data.elasticsearch.ElasticsearchAutoConfiguration$$EnhancerBySpringCGLIB$$84fcbc50.elasticsearchClient(<generated>) ~[spring-boot-autoconfigure-2.1.0.RELEASE.jar:2.1.0.RELEASE]
	at sun.reflect.NativeMethodAccessorImpl.invoke0(Native Method) ~[?:1.8.0_181]
	at sun.reflect.NativeMethodAccessorImpl.invoke(NativeMethodAccessorImpl.java:62) ~[?:1.8.0_181]
	at sun.reflect.DelegatingMethodAccessorImpl.invoke(DelegatingMethodAccessorImpl.java:43) ~[?:1.8.0_181]
	at java.lang.reflect.Method.invoke(Method.java:498) ~[?:1.8.0_181]
	at org.springframework.beans.factory.support.SimpleInstantiationStrategy.instantiate(SimpleInstantiationStrategy.java:154) ~[spring-beans-5.1.2.RELEASE.jar:5.1.2.RELEASE]
	at org.springframework.beans.factory.support.ConstructorResolver.instantiate(ConstructorResolver.java:620) ~[spring-beans-5.1.2.RELEASE.jar:5.1.2.RELEASE]
	... 24 more
Caused by: java.lang.ClassNotFoundException: org.apache.lucene.util.Accountable
	at java.net.URLClassLoader.findClass(URLClassLoader.java:381) ~[?:1.8.0_181]
	at java.lang.ClassLoader.loadClass(ClassLoader.java:424) ~[?:1.8.0_181]
	at sun.misc.Launcher$AppClassLoader.loadClass(Launcher.java:349) ~[?:1.8.0_181]
	at java.lang.ClassLoader.loadClass(ClassLoader.java:357) ~[?:1.8.0_181]
	at java.lang.ClassLoader.defineClass1(Native Method) ~[?:1.8.0_181]
	at java.lang.ClassLoader.defineClass(ClassLoader.java:763) ~[?:1.8.0_181]
	at java.security.SecureClassLoader.defineClass(SecureClassLoader.java:142) ~[?:1.8.0_181]
	at java.net.URLClassLoader.defineClass(URLClassLoader.java:467) ~[?:1.8.0_181]
	at java.net.URLClassLoader.access$100(URLClassLoader.java:73) ~[?:1.8.0_181]
	at java.net.URLClassLoader$1.run(URLClassLoader.java:368) ~[?:1.8.0_181]
	at java.net.URLClassLoader$1.run(URLClassLoader.java:362) ~[?:1.8.0_181]
	at java.security.AccessController.doPrivileged(Native Method) ~[?:1.8.0_181]
	at java.net.URLClassLoader.findClass(URLClassLoader.java:361) ~[?:1.8.0_181]
	at java.lang.ClassLoader.loadClass(ClassLoader.java:424) ~[?:1.8.0_181]
	at sun.misc.Launcher$AppClassLoader.loadClass(Launcher.java:349) ~[?:1.8.0_181]
	at java.lang.ClassLoader.loadClass(ClassLoader.java:357) ~[?:1.8.0_181]
	at org.elasticsearch.common.xcontent.XContentElasticsearchExtension.getXContentWriters(XContentElasticsearchExtension.java:97) ~[elasticsearch-6.4.2.jar:6.4.2]
	at org.elasticsearch.common.xcontent.XContentBuilder.<clinit>(XContentBuilder.java:116) ~[elasticsearch-x-content-6.4.2.jar:6.4.2]
	at org.elasticsearch.common.settings.Setting.arrayToParsableString(Setting.java:1215) ~[elasticsearch-6.4.2.jar:6.4.2]
	at org.elasticsearch.common.settings.Setting.access$600(Setting.java:85) ~[elasticsearch-6.4.2.jar:6.4.2]
	at org.elasticsearch.common.settings.Setting$ListSetting.lambda$new$0(Setting.java:895) ~[elasticsearch-6.4.2.jar:6.4.2]
	at org.elasticsearch.common.settings.Setting$ListSetting.getRaw(Setting.java:903) ~[elasticsearch-6.4.2.jar:6.4.2]
	at org.elasticsearch.common.settings.Setting.lambda$listSetting$30(Setting.java:1178) ~[elasticsearch-6.4.2.jar:6.4.2]
	at org.elasticsearch.common.settings.Setting.listSetting(Setting.java:1183) ~[elasticsearch-6.4.2.jar:6.4.2]
	at org.elasticsearch.common.settings.Setting.listSetting(Setting.java:1178) ~[elasticsearch-6.4.2.jar:6.4.2]
	at org.elasticsearch.transport.TcpTransport.<clinit>(TcpTransport.java:132) ~[elasticsearch-6.4.2.jar:6.4.2]
	at org.elasticsearch.client.transport.TransportClient.newPluginService(TransportClient.java:103) ~[elasticsearch-6.4.2.jar:6.4.2]
	at org.elasticsearch.client.transport.TransportClient.buildTemplate(TransportClient.java:133) ~[elasticsearch-6.4.2.jar:6.4.2]
	at org.elasticsearch.client.transport.TransportClient.<init>(TransportClient.java:283) ~[elasticsearch-6.4.2.jar:6.4.2]
	at org.elasticsearch.transport.client.PreBuiltTransportClient.<init>(PreBuiltTransportClient.java:128) ~[transport-6.4.2.jar:6.4.2]
	at org.elasticsearch.transport.client.PreBuiltTransportClient.<init>(PreBuiltTransportClient.java:114) ~[transport-6.4.2.jar:6.4.2]
	at org.elasticsearch.transport.client.PreBuiltTransportClient.<init>(PreBuiltTransportClient.java:104) ~[transport-6.4.2.jar:6.4.2]
	at org.springframework.data.elasticsearch.client.TransportClientFactoryBean.buildClient(TransportClientFactoryBean.java:85) ~[spring-data-elasticsearch-3.1.2.RELEASE.jar:3.1.2.RELEASE]
	at org.springframework.data.elasticsearch.client.TransportClientFactoryBean.afterPropertiesSet(TransportClientFactoryBean.java:80) ~[spring-data-elasticsearch-3.1.2.RELEASE.jar:3.1.2.RELEASE]
	at org.springframework.boot.autoconfigure.data.elasticsearch.ElasticsearchAutoConfiguration.elasticsearchClient(ElasticsearchAutoConfiguration.java:59) ~[spring-boot-autoconfigure-2.1.0.RELEASE.jar:2.1.0.RELEASE]
	at org.springframework.boot.autoconfigure.data.elasticsearch.ElasticsearchAutoConfiguration$$EnhancerBySpringCGLIB$$84fcbc50.CGLIB$elasticsearchClient$0(<generated>) ~[spring-boot-autoconfigure-2.1.0.RELEASE.jar:2.1.0.RELEASE]
	at org.springframework.boot.autoconfigure.data.elasticsearch.ElasticsearchAutoConfiguration$$EnhancerBySpringCGLIB$$84fcbc50$$FastClassBySpringCGLIB$$5415a6fb.invoke(<generated>) ~[spring-boot-autoconfigure-2.1.0.RELEASE.jar:2.1.0.RELEASE]
	at org.springframework.cglib.proxy.MethodProxy.invokeSuper(MethodProxy.java:244) ~[spring-core-5.1.2.RELEASE.jar:5.1.2.RELEASE]
	at org.springframework.context.annotation.ConfigurationClassEnhancer$BeanMethodInterceptor.intercept(ConfigurationClassEnhancer.java:363) ~[spring-context-5.1.2.RELEASE.jar:5.1.2.RELEASE]
	at org.springframework.boot.autoconfigure.data.elasticsearch.ElasticsearchAutoConfiguration$$EnhancerBySpringCGLIB$$84fcbc50.elasticsearchClient(<generated>) ~[spring-boot-autoconfigure-2.1.0.RELEASE.jar:2.1.0.RELEASE]
	at sun.reflect.NativeMethodAccessorImpl.invoke0(Native Method) ~[?:1.8.0_181]
	at sun.reflect.NativeMethodAccessorImpl.invoke(NativeMethodAccessorImpl.java:62) ~[?:1.8.0_181]
	at sun.reflect.DelegatingMethodAccessorImpl.invoke(DelegatingMethodAccessorImpl.java:43) ~[?:1.8.0_181]
	at java.lang.reflect.Method.invoke(Method.java:498) ~[?:1.8.0_181]
	at org.springframework.beans.factory.support.SimpleInstantiationStrategy.instantiate(SimpleInstantiationStrategy.java:154) ~[spring-beans-5.1.2.RELEASE.jar:5.1.2.RELEASE]
	at org.springframework.beans.factory.support.ConstructorResolver.instantiate(ConstructorResolver.java:620) ~[spring-beans-5.1.2.RELEASE.jar:5.1.2.RELEASE]
	... 24 more
